C:\AEONWORKINGDIRECTORY\BPH\CYBIE\VS\CYBIEGDB\DEBUG\GDBCONTROL.SANITY.EXE
C:\AEONWORKINGDIRECTORY\BPH\CYBIE\VS\CYBIEGDB\DEBUG\GDBCONTROL.SANITY.ILK
C:\AEONWORKINGDIRECTORY\BPH\CYBIE\VS\CYBIEGDB\DEBUG\GDBCONTROL.SANITY.PDB
C:\aeonWorkingDirectory\bph\cybie\vs\CybieGdb\GdbControl.Sanity\Debug\cl.command.1.tlog
C:\aeonWorkingDirectory\bph\cybie\vs\CybieGdb\GdbControl.Sanity\Debug\CL.read.1.tlog
C:\aeonWorkingDirectory\bph\cybie\vs\CybieGdb\GdbControl.Sanity\Debug\CL.write.1.tlog
C:\AEONWORKINGDIRECTORY\BPH\CYBIE\VS\CYBIEGDB\GDBCONTROL.SANITY\DEBUG\GDBCONTROL.SANITY.EXE.EMBED.MANIFEST
C:\AEONWORKINGDIRECTORY\BPH\CYBIE\VS\CYBIEGDB\GDBCONTROL.SANITY\DEBUG\GDBCONTROL.SANITY.EXE.EMBED.MANIFEST.RES
C:\AEONWORKINGDIRECTORY\BPH\CYBIE\VS\CYBIEGDB\GDBCONTROL.SANITY\DEBUG\GDBCONTROL.SANITY.EXE.INTERMEDIATE.MANIFEST
C:\AEONWORKINGDIRECTORY\BPH\CYBIE\VS\CYBIEGDB\GDBCONTROL.SANITY\DEBUG\GDBCONTROL.SANITY.OBJ
C:\AEONWORKINGDIRECTORY\BPH\CYBIE\VS\CYBIEGDB\GDBCONTROL.SANITY\DEBUG\GDBCONTROL.SANITY.PCH
C:\aeonWorkingDirectory\bph\cybie\vs\CybieGdb\GdbControl.Sanity\Debug\GdbControl.Sanity_manifest.rc
C:\aeonWorkingDirectory\bph\cybie\vs\CybieGdb\GdbControl.Sanity\Debug\link.1516.read.1.tlog
C:\aeonWorkingDirectory\bph\cybie\vs\CybieGdb\GdbControl.Sanity\Debug\link.1516.write.1.tlog
C:\aeonWorkingDirectory\bph\cybie\vs\CybieGdb\GdbControl.Sanity\Debug\link.1516-cvtres.read.1.tlog
C:\aeonWorkingDirectory\bph\cybie\vs\CybieGdb\GdbControl.Sanity\Debug\link.1516-cvtres.write.1.tlog
C:\aeonWorkingDirectory\bph\cybie\vs\CybieGdb\GdbControl.Sanity\Debug\link.command.1.tlog
C:\aeonWorkingDirectory\bph\cybie\vs\CybieGdb\GdbControl.Sanity\Debug\link.read.1.tlog
C:\aeonWorkingDirectory\bph\cybie\vs\CybieGdb\GdbControl.Sanity\Debug\link.write.1.tlog
C:\aeonWorkingDirectory\bph\cybie\vs\CybieGdb\GdbControl.Sanity\Debug\link-cvtres.read.1.tlog
C:\aeonWorkingDirectory\bph\cybie\vs\CybieGdb\GdbControl.Sanity\Debug\link-cvtres.write.1.tlog
C:\aeonWorkingDirectory\bph\cybie\vs\CybieGdb\GdbControl.Sanity\Debug\mt.command.1.tlog
C:\aeonWorkingDirectory\bph\cybie\vs\CybieGdb\GdbControl.Sanity\Debug\mt.read.1.tlog
C:\aeonWorkingDirectory\bph\cybie\vs\CybieGdb\GdbControl.Sanity\Debug\mt.write.1.tlog
C:\aeonWorkingDirectory\bph\cybie\vs\CybieGdb\GdbControl.Sanity\Debug\rc.command.1.tlog
C:\aeonWorkingDirectory\bph\cybie\vs\CybieGdb\GdbControl.Sanity\Debug\rc.read.1.tlog
C:\aeonWorkingDirectory\bph\cybie\vs\CybieGdb\GdbControl.Sanity\Debug\rc.write.1.tlog
C:\AEONWORKINGDIRECTORY\BPH\CYBIE\VS\CYBIEGDB\GDBCONTROL.SANITY\DEBUG\STDAFX.OBJ
C:\aeonWorkingDirectory\bph\cybie\vs\CybieGdb\GdbControl.Sanity\Debug\vc100.idb
C:\AEONWORKINGDIRECTORY\BPH\CYBIE\VS\CYBIEGDB\GDBCONTROL.SANITY\DEBUG\VC100.PDB
