Build started 24-Jun-13 20:28:07.
     1>Project "C:\aeonWorkingDirectory\bph\cybie\vs\CybieGdb\GdbControl.Sanity\GdbControl.Sanity.vcxproj" on node 2 (build target(s)).
     1>InitializeBuildStatus:
         Creating "Debug\GdbControl.Sanity.unsuccessfulbuild" because "AlwaysCreate" was specified.
       ClCompile:
         All outputs are up-to-date.
         C:\Program Files\Microsoft Visual Studio 10.0\VC\bin\CL.exe /c /ZI /nologo /W3 /WX- /Od /Oy- /D WIN32 /D _DEBUG /D _CONSOLE /D _UNICODE /D UNICODE /Gm /EHsc /RTC1 /MDd /GS /fp:precise /Zc:wchar_t /Zc:forScope /Yu"StdAfx.h" /Fp"Debug\GdbControl.Sanity.pch" /Fo"Debug\\" /Fd"Debug\vc100.pdb" /Gd /TP /analyze- /errorReport:prompt GdbControl.Sanity.cpp
         GdbControl.Sanity.cpp
       ManifestResourceCompile:
         All outputs are up-to-date.
       Link:
         C:\Program Files\Microsoft Visual Studio 10.0\VC\bin\link.exe /ERRORREPORT:PROMPT /OUT:"C:\aeonWorkingDirectory\bph\cybie\vs\CybieGdb\Debug\GdbControl.Sanity.exe" /INCREMENTAL /NOLOGO kernel32.lib user32.lib gdi32.lib winspool.lib comdlg32.lib advapi32.lib shell32.lib ole32.lib oleaut32.lib uuid.lib odbc32.lib odbccp32.lib /MANIFEST /ManifestFile:"Debug\GdbControl.Sanity.exe.intermediate.manifest" /MANIFESTUAC:"level='asInvoker' uiAccess='false'" /DEBUG /PDB:"C:\aeonWorkingDirectory\bph\cybie\vs\CybieGdb\Debug\GdbControl.Sanity.pdb" /SUBSYSTEM:CONSOLE /TLBID:1 /DYNAMICBASE /NXCOMPAT /IMPLIB:"C:\aeonWorkingDirectory\bph\cybie\vs\CybieGdb\Debug\GdbControl.Sanity.lib" /MACHINE:X86 Debug\GdbControl.Sanity.exe.embed.manifest.res
         Debug\GdbControl.Sanity.obj
         Debug\stdafx.obj
       Manifest:
         C:\Program Files\Microsoft SDKs\Windows\v7.0A\bin\mt.exe /nologo /verbose /out:"Debug\GdbControl.Sanity.exe.embed.manifest" /manifest Debug\GdbControl.Sanity.exe.intermediate.manifest
         All outputs are up-to-date.
       LinkEmbedManifest:
         All outputs are up-to-date.
         GdbControl.Sanity.vcxproj -> C:\aeonWorkingDirectory\bph\cybie\vs\CybieGdb\Debug\GdbControl.Sanity.exe
       FinalizeBuildStatus:
         Deleting file "Debug\GdbControl.Sanity.unsuccessfulbuild".
         Touching "Debug\GdbControl.Sanity.lastbuildstate".
     1>Done Building Project "C:\aeonWorkingDirectory\bph\cybie\vs\CybieGdb\GdbControl.Sanity\GdbControl.Sanity.vcxproj" (build target(s)).

Build succeeded.

Time Elapsed 00:00:00.82
